[2020-07-13 08:47:18] File "schedule.wpi" not found, skip running schedule script.
[2020-07-13 08:48:04] Seting shutdown time to "?? 08:49"
[2020-07-13 08:48:05] Done :-)
[2020-07-13 08:50:32] Seting shutdown time to "?? 08:51"
[2020-07-13 08:50:33] Done :-)
[2020-07-13 08:53:06] Witty Pi daemon (v3.11) is started.
[2020-07-13 08:53:07] Running on Raspberry Pi Zero W Rev 1.1
[2020-07-13 08:53:08] Wiring Pi version: 2.50
[2020-07-13 08:53:13] Current Vout=5.4, Iout=0.17
[2020-07-13 08:53:13] Send out the SYS_UP signal via GPIO-17 pin.
[2020-07-13 08:53:14] System startup as scheduled.
[2020-07-13 08:53:15] Synchronizing time between system and Witty Pi...
[2020-07-13 08:53:16] Writing RTC time to system...
[2020-07-13 08:53:33] Done :-)
[2020-07-13 08:53:38] Pending for incoming shutdown command...
[2020-07-13 08:53:39] File "schedule.wpi" not found, skip running schedule script.
[2020-07-13 08:53:43] Internet detected, apply network time to system and Witty Pi...
[2020-07-13 08:53:43] Applying network time to system...
[2020-07-13 08:53:46] Done :-)
[2020-07-13 08:53:46] Writing system time to RTC...
[2020-07-13 08:53:46] Done :-)
[2020-07-13 08:55:14] Seting shutdown time to "?? 08:56"
[2020-07-13 08:55:14] Done :-)
[2020-07-13 08:56:00] Shutting down system as scheduled
[2020-07-13 08:56:00] Halting all processes and then shutdown Raspberry Pi...
[2020-07-13 08:56:31] Witty Pi daemon (v3.11) is started.
[2020-07-13 08:56:32] Running on Raspberry Pi Zero W Rev 1.1
[2020-07-13 08:56:32] Wiring Pi version: 2.50
[2020-07-13 08:56:37] Current Vout=5.4, Iout=0.19
[2020-07-13 08:56:37] Send out the SYS_UP signal via GPIO-17 pin.
[2020-07-13 08:56:39] Synchronizing time between system and Witty Pi...
[2020-07-13 08:56:40] Writing RTC time to system...
[2020-07-13 08:58:59] Done :-)
[2020-07-13 08:59:04] Pending for incoming shutdown command...
[2020-07-13 08:59:05] File "schedule.wpi" not found, skip running schedule script.
[2020-07-13 08:59:09] Internet detected, apply network time to system and Witty Pi...
[2020-07-13 08:59:09] Applying network time to system...
[2020-07-13 08:59:12] Done :-)
[2020-07-13 08:59:12] Writing system time to RTC...
[2020-07-13 08:59:12] Done :-)
[2020-07-13 09:00:07] Seting shutdown time to "?? 09:01"
[2020-07-13 09:00:07] Done :-)
[2020-07-13 09:00:22] Seting startup time to "?? 09:02:00"
[2020-07-13 09:00:22] Done :-)
[2020-07-13 09:01:00] Shutting down system as scheduled
[2020-07-13 09:01:00] Halting all processes and then shutdown Raspberry Pi...
[2020-07-13 09:01:31] Witty Pi daemon (v3.11) is started.
[2020-07-13 09:01:31] Running on Raspberry Pi Zero W Rev 1.1
[2020-07-13 09:01:32] Wiring Pi version: 2.50
[2020-07-13 09:01:37] Current Vout=5.39, Iout=0.23
[2020-07-13 09:01:37] Send out the SYS_UP signal via GPIO-17 pin.
[2020-07-13 09:01:38] System startup as scheduled.
[2020-07-13 09:01:38] Synchronizing time between system and Witty Pi...
[2020-07-13 09:01:40] Writing RTC time to system...
[2020-07-13 09:02:48] Done :-)
[2020-07-13 09:02:53] Pending for incoming shutdown command...
[2020-07-13 09:02:54] File "schedule.wpi" not found, skip running schedule script.
[2020-07-13 09:02:58] Internet detected, apply network time to system and Witty Pi...
[2020-07-13 09:02:58] Applying network time to system...
[2020-07-13 09:03:01] Done :-)
[2020-07-13 09:03:01] Writing system time to RTC...
[2020-07-13 09:03:01] Done :-)
[2020-07-13 09:03:43] Witty Pi daemon (v3.11) is started.
[2020-07-13 09:03:43] Running on Raspberry Pi Zero W Rev 1.1
[2020-07-13 09:03:44] Wiring Pi version: 2.50
[2020-07-13 09:03:48] Current Vout=5.4, Iout=0.17
[2020-07-13 09:03:48] Send out the SYS_UP signal via GPIO-17 pin.
[2020-07-13 09:03:50] Synchronizing time between system and Witty Pi...
[2020-07-13 09:03:51] Writing RTC time to system...
[2020-07-13 09:08:41] Done :-)
[2020-07-13 09:08:46] Pending for incoming shutdown command...
[2020-07-13 09:08:47] File "schedule.wpi" not found, skip running schedule script.
[2020-07-13 09:08:51] Internet detected, apply network time to system and Witty Pi...
[2020-07-13 09:08:51] Applying network time to system...
[2020-07-13 09:08:54] Done :-)
[2020-07-13 09:08:54] Writing system time to RTC...
[2020-07-13 09:08:54] Done :-)
[2020-07-13 09:11:10] Witty Pi daemon (v3.11) is started.
[2020-07-13 09:11:11] Running on Raspberry Pi Zero W Rev 1.1
[2020-07-13 09:11:12] Wiring Pi version: 2.50
[2020-07-13 09:11:17] Current Vout=5.4, Iout=0.17
[2020-07-13 09:11:17] Send out the SYS_UP signal via GPIO-17 pin.
[2020-07-13 09:11:18] Synchronizing time between system and Witty Pi...
[2020-07-13 09:11:20] Writing RTC time to system...
[2020-07-13 09:11:36] Done :-)
[2020-07-13 09:11:41] Pending for incoming shutdown command...
[2020-07-13 09:11:42] File "schedule.wpi" not found, skip running schedule script.
[2020-07-13 09:13:58] Shutting down system as scheduled
[2020-07-13 09:13:59] Halting all processes and then shutdown Raspberry Pi...
[2020-07-13 09:14:32] Witty Pi daemon (v3.11) is started.
[2020-07-13 09:14:32] Running on Raspberry Pi Zero W Rev 1.1
[2020-07-13 09:14:34] Wiring Pi version: 2.50
[2020-07-13 09:14:38] Current Vout=5.4, Iout=0.23
[2020-07-13 09:14:38] Send out the SYS_UP signal via GPIO-17 pin.
[2020-07-13 09:14:40] Synchronizing time between system and Witty Pi...
[2020-07-13 09:14:41] Writing RTC time to system...
[2020-07-14 02:47:27] Done :-)
[2020-07-14 02:47:33] Pending for incoming shutdown command...
[2020-07-14 02:47:36] File "schedule.wpi" not found, skip running schedule script.
[2020-07-14 02:51:48] I2C read 0x01 0x68 0x0F failed (result=), retrying 1 ...
[2020-07-14 02:51:49] I2C read 0x01 0x68 0x0F failed (result=), retrying 2 ...
[2020-07-14 02:51:50] I2C read 0x01 0x68 0x0F failed (result=), retrying 3 ...
[2020-07-14 02:51:50] I2C read 0x01 0x68 0x0F failed (result=), and no more retry.
[2020-07-14 02:51:51] I2C read 0x01 0x69 8 failed (result=), retrying 1 ...
[2020-07-14 02:51:51] Shutting down system because GPIO-4 pin is pulled down.
[2020-07-14 02:51:52] Halting all processes and then shutdown Raspberry Pi...
[2020-07-14 02:52:20] Witty Pi daemon (v3.11) is started.
[2020-07-14 02:52:21] Running on Raspberry Pi Zero W Rev 1.1
[2020-07-14 02:52:22] Wiring Pi version: 2.50
[2020-07-14 02:52:27] Current Vout=5.4, Iout=0.19
[2020-07-14 02:52:27] Send out the SYS_UP signal via GPIO-17 pin.
[2020-07-14 02:52:28] Witty Pi is not connected, skip I2C communications...
[2020-07-14 02:52:28] Witty Pi is not connected, skip synchronizing time...
[2020-07-14 02:52:37] Witty Pi is not connected, skip schedule script...
[2020-07-14 02:52:37] Pending for incoming shutdown command...
[2020-07-14 02:53:56] Seems Witty Pi board is not connected? Quitting...
[2020-07-14 02:52:23] Witty Pi daemon (v3.11) is started.
[2020-07-14 02:52:23] Running on Raspberry Pi Zero W Rev 1.1
[2020-07-14 02:52:24] Wiring Pi version: 2.50
[2020-07-14 02:52:29] Current Vout=5.4, Iout=0.17
[2020-07-14 02:52:29] Send out the SYS_UP signal via GPIO-17 pin.
[2020-07-14 02:52:31] Synchronizing time between system and Witty Pi...
[2020-07-14 02:52:32] Writing RTC time to system...
[2020-07-14 02:57:16] Done :-)
[2020-07-14 02:57:21] Pending for incoming shutdown command...
[2020-07-14 02:57:22] File "schedule.wpi" not found, skip running schedule script.
[2020-07-14 02:59:58] Shutting down system as scheduled
[2020-07-14 02:59:58] Halting all processes and then shutdown Raspberry Pi...
[2020-07-14 03:00:27] Witty Pi daemon (v3.11) is started.
[2020-07-14 03:00:28] Running on Raspberry Pi Zero W Rev 1.1
[2020-07-14 03:00:29] Wiring Pi version: 2.50
[2020-07-14 03:00:34] Current Vout=5.4, Iout=0.17
[2020-07-14 03:00:34] Send out the SYS_UP signal via GPIO-17 pin.
[2020-07-14 03:00:35] System startup as scheduled.
[2020-07-14 03:00:36] Synchronizing time between system and Witty Pi...
[2020-07-14 03:00:37] Writing RTC time to system...
[2020-07-14 03:01:49] Done :-)
[2020-07-14 03:01:54] Pending for incoming shutdown command...
[2020-07-14 03:01:55] File "schedule.wpi" not found, skip running schedule script.
[2020-07-14 03:03:13] Witty Pi daemon (v3.11) is started.
[2020-07-14 03:03:14] Running on Raspberry Pi Zero W Rev 1.1
[2020-07-14 03:03:15] Wiring Pi version: 2.50
[2020-07-14 03:03:20] Current Vout=5.4, Iout=0.17
[2020-07-14 03:03:20] Send out the SYS_UP signal via GPIO-17 pin.
[2020-07-14 03:03:21] Witty Pi is not connected, skip I2C communications...
[2020-07-14 03:03:21] Witty Pi is not connected, skip synchronizing time...
[2020-07-14 03:03:30] Witty Pi is not connected, skip schedule script...
[2020-07-14 03:03:30] Pending for incoming shutdown command...
[2020-07-14 03:05:08] Seems Witty Pi board is not connected? Quitting...
[2020-07-14 03:06:29] Witty Pi daemon (v3.11) is started.
[2020-07-14 03:06:30] Running on Raspberry Pi Zero W Rev 1.1
[2020-07-14 03:06:31] Wiring Pi version: 2.50
[2020-07-14 03:06:36] Current Vout=5.46, Iout=0.19
[2020-07-14 03:06:37] Send out the SYS_UP signal via GPIO-17 pin.
[2020-07-14 03:06:38] Synchronizing time between system and Witty Pi...
[2020-07-14 03:06:39] Writing RTC time to system...
[2020-07-14 03:07:16] Done :-)
[2020-07-14 03:07:21] Pending for incoming shutdown command...
[2020-07-14 03:07:22] File "schedule.wpi" not found, skip running schedule script.
[2020-07-14 03:11:44] Witty Pi daemon (v3.11) is started.
[2020-07-14 03:11:45] Running on Raspberry Pi Zero W Rev 1.1
[2020-07-14 03:11:46] Wiring Pi version: 2.50
[2020-07-14 03:11:50] Current Vout=5.4, Iout=0.23
[2020-07-14 03:11:51] Send out the SYS_UP signal via GPIO-17 pin.
[2020-07-14 03:11:52] Synchronizing time between system and Witty Pi...
[2020-07-14 03:11:53] Writing RTC time to system...
[2020-07-14 03:12:13] Done :-)
[2020-07-14 03:12:18] Pending for incoming shutdown command...
[2020-07-14 03:12:19] File "schedule.wpi" not found, skip running schedule script.
[2020-07-14 03:18:09] Witty Pi daemon (v3.11) is started.
[2020-07-14 03:18:11] Running on Raspberry Pi Zero W Rev 1.1
[2020-07-14 03:18:12] Wiring Pi version: 2.50
[2020-07-14 03:18:17] Current Vout=5.4, Iout=0.15
[2020-07-14 03:18:17] Send out the SYS_UP signal via GPIO-17 pin.
[2020-07-14 03:18:19] Synchronizing time between system and Witty Pi...
[2020-07-14 03:18:20] Writing RTC time to system...
[2020-07-14 03:18:38] Done :-)
[2020-07-14 03:18:43] Pending for incoming shutdown command...
[2020-07-14 03:18:44] File "schedule.wpi" not found, skip running schedule script.
[2020-07-14 03:18:12] Witty Pi daemon (v3.11) is started.
[2020-07-14 03:18:13] Running on Raspberry Pi Zero W Rev 1.1
[2020-07-14 03:18:14] Wiring Pi version: 2.50
[2020-07-14 03:18:18] Current Vout=5.39, Iout=0.17
[2020-07-14 03:18:18] Send out the SYS_UP signal via GPIO-17 pin.
[2020-07-14 03:18:20] Synchronizing time between system and Witty Pi...
[2020-07-14 03:18:21] Writing RTC time to system...
[2020-07-14 03:25:31] Done :-)
[2020-07-14 03:25:36] Pending for incoming shutdown command...
[2020-07-14 03:25:37] File "schedule.wpi" not found, skip running schedule script.
[2020-07-14 03:26:50] Witty Pi daemon (v3.11) is started.
[2020-07-14 03:26:50] Running on Raspberry Pi Zero W Rev 1.1
[2020-07-14 03:26:51] Wiring Pi version: 2.50
[2020-07-14 03:26:56] Current Vout=5.4, Iout=0.17
[2020-07-14 03:26:56] Send out the SYS_UP signal via GPIO-17 pin.
[2020-07-14 03:26:58] Synchronizing time between system and Witty Pi...
[2020-07-14 03:26:59] Writing RTC time to system...
[2020-07-14 03:27:18] Done :-)
[2020-07-14 03:27:23] Pending for incoming shutdown command...
[2020-07-14 03:27:24] File "schedule.wpi" not found, skip running schedule script.
[2020-07-14 03:28:58] Shutting down system as scheduled
[2020-07-14 03:28:58] Halting all processes and then shutdown Raspberry Pi...
[2020-07-14 03:29:28] Witty Pi daemon (v3.11) is started.
[2020-07-14 03:29:29] Running on Raspberry Pi Zero W Rev 1.1
[2020-07-14 03:29:30] Wiring Pi version: 2.50
[2020-07-14 03:29:35] Current Vout=5.4, Iout=0.17
[2020-07-14 03:29:35] Send out the SYS_UP signal via GPIO-17 pin.
[2020-07-14 03:29:36] System startup as scheduled.
[2020-07-14 03:29:37] Synchronizing time between system and Witty Pi...
[2020-07-14 03:29:38] Writing RTC time to system...
[2020-07-14 03:30:49] Done :-)
[2020-07-14 03:30:54] Pending for incoming shutdown command...
[2020-07-14 03:30:55] File "schedule.wpi" not found, skip running schedule script.
[2020-07-14 03:33:29] Witty Pi daemon (v3.11) is started.
[2020-07-14 03:33:30] Running on Raspberry Pi Zero W Rev 1.1
[2020-07-14 03:33:31] Wiring Pi version: 2.50
[2020-07-14 03:33:36] Current Vout=5.4, Iout=0.17
[2020-07-14 03:33:36] Send out the SYS_UP signal via GPIO-17 pin.
[2020-07-14 03:33:38] Synchronizing time between system and Witty Pi...
[2020-07-14 03:33:56] Writing RTC time to system...
[2020-07-14 03:33:58] Done :-)
[2020-07-14 03:34:03] Pending for incoming shutdown command...
[2020-07-14 03:34:04] File "schedule.wpi" not found, skip running schedule script.
[2020-07-14 03:35:57] Shutting down system as scheduled
[2020-07-14 03:35:57] Halting all processes and then shutdown Raspberry Pi...
[2020-07-14 03:36:29] Witty Pi daemon (v3.11) is started.
[2020-07-14 03:36:29] Running on Raspberry Pi Zero W Rev 1.1
[2020-07-14 03:36:30] Wiring Pi version: 2.50
[2020-07-14 03:36:35] Current Vout=5.4, Iout=0.19
[2020-07-14 03:36:35] Send out the SYS_UP signal via GPIO-17 pin.
[2020-07-14 03:36:36] System startup as scheduled.
[2020-07-14 03:37:47] Synchronizing time between system and Witty Pi...
[2020-07-14 03:37:48] Writing RTC time to system...
[2020-07-14 03:37:49] Done :-)
[2020-07-14 03:37:54] Pending for incoming shutdown command...
[2020-07-14 03:37:55] File "schedule.wpi" not found, skip running schedule script.
[2020-07-14 03:45:58] Shutting down system as scheduled
[2020-07-14 03:45:58] Halting all processes and then shutdown Raspberry Pi...
[2020-07-14 03:46:27] Witty Pi daemon (v3.11) is started.
[2020-07-14 03:46:29] Running on Raspberry Pi Zero W Rev 1.1
[2020-07-14 03:46:29] Wiring Pi version: 2.50
[2020-07-14 03:46:35] Current Vout=5.4, Iout=0.17
[2020-07-14 03:46:35] Send out the SYS_UP signal via GPIO-17 pin.
[2020-07-14 03:46:36] System startup as scheduled.
[2020-07-14 03:46:37] Synchronizing time between system and Witty Pi...
[2020-07-14 03:47:46] Writing RTC time to system...
[2020-07-14 03:47:49] Done :-)
[2020-07-14 03:47:54] Pending for incoming shutdown command...
[2020-07-14 03:47:55] File "schedule.wpi" not found, skip running schedule script.
[2020-07-14 10:17:23] Witty Pi daemon (v3.11) is started.
[2020-07-14 10:17:24] Running on Raspberry Pi Zero W Rev 1.1
[2020-07-14 10:17:25] Wiring Pi version: 2.50
[2020-07-14 10:17:31] Current Vout=5.4, Iout=0.21
[2020-07-14 10:17:31] Send out the SYS_UP signal via GPIO-17 pin.
[2020-07-14 10:17:33] Synchronizing time between system and Witty Pi...
[2020-07-14 10:17:34] Writing RTC time to system...
[2020-07-15 01:49:25] Done :-)
[2020-07-15 01:49:30] Pending for incoming shutdown command...
[2020-07-15 01:49:33] File "schedule.wpi" not found, skip running schedule script.
[2020-07-15 02:03:30] Startup alarm occurs in ON state, ignored
